Started at Sun Jul 09 06:49:21 UTC 2023
Processing 1
Offering 1 to Project Build Discarder
Processing Build
Offering Build to Project Build Discarder
Processing Git
Offering Git to Project Build Discarder
Processing versioning
Offering versioning to Project Build Discarder
Finished at Sun Jul 09 06:49:21 UTC 2023. 48ms
Started at Sun Jul 09 07:49:21 UTC 2023
Processing 1
Offering 1 to Project Build Discarder
Processing Build
Offering Build to Project Build Discarder
Processing Git
Offering Git to Project Build Discarder
Processing versioning
Offering versioning to Project Build Discarder
Finished at Sun Jul 09 07:49:21 UTC 2023. 1ms
